<?xml version="1.0" encoding="UTF-8"?>
<testng-results ignored="0" total="4" passed="4" failed="0" skipped="0">
  <reporter-output>
  </reporter-output>
  <suite started-at="2024-02-21T02:16:53 IST" name="Default suite" finished-at="2024-02-21T02:26:08 IST" duration-ms="554570">
    <groups>
    </groups>
    <test started-at="2024-02-21T02:16:53 IST" name="Default test" finished-at="2024-02-21T02:26:08 IST" duration-ms="554570">
      <class name="Project.BanjaraRideTesting">
        <test-method is-config="true" signature="SetUp()[pri:0, instance:Project.BanjaraRideTesting@7bab3f1a]" started-at="2024-02-21T02:16:53 IST" name="SetUp" finished-at="2024-02-21T02:17:50 IST" duration-ms="56208" status="PASS">
          <reporter-output>
          </reporter-output>
        </test-method> <!-- SetUp -->
        <test-method signature="Hire_Bike()[pri:1, instance:Project.BanjaraRideTesting@7bab3f1a]" started-at="2024-02-21T02:17:50 IST" name="Hire_Bike" finished-at="2024-02-21T02:19:29 IST" duration-ms="99833" status="PASS">
          <reporter-output>
          </reporter-output>
        </test-method> <!-- Hire_Bike -->
        <test-method is-config="true" signature="last()[pri:0, instance:Project.BanjaraRideTesting@7bab3f1a]" started-at="2024-02-21T02:19:29 IST" name="last" finished-at="2024-02-21T02:19:30 IST" duration-ms="106" status="PASS">
          <reporter-output>
          </reporter-output>
        </test-method> <!-- last -->
        <test-method is-config="true" signature="SetUp()[pri:0, instance:Project.BanjaraRideTesting@7bab3f1a]" started-at="2024-02-21T02:19:30 IST" name="SetUp" finished-at="2024-02-21T02:20:13 IST" duration-ms="43311" status="PASS">
          <reporter-output>
          </reporter-output>
        </test-method> <!-- SetUp -->
        <test-method signature="activa()[pri:2, instance:Project.BanjaraRideTesting@7bab3f1a]" started-at="2024-02-21T02:20:13 IST" name="activa" finished-at="2024-02-21T02:21:10 IST" duration-ms="56685" status="PASS">
          <reporter-output>
          </reporter-output>
        </test-method> <!-- activa -->
        <test-method is-config="true" signature="last()[pri:0, instance:Project.BanjaraRideTesting@7bab3f1a]" started-at="2024-02-21T02:21:10 IST" name="last" finished-at="2024-02-21T02:21:10 IST" duration-ms="103" status="PASS">
          <reporter-output>
          </reporter-output>
        </test-method> <!-- last -->
        <test-method is-config="true" signature="SetUp()[pri:0, instance:Project.BanjaraRideTesting@7bab3f1a]" started-at="2024-02-21T02:21:10 IST" name="SetUp" finished-at="2024-02-21T02:21:50 IST" duration-ms="39910" status="PASS">
          <reporter-output>
          </reporter-output>
        </test-method> <!-- SetUp -->
        <test-method signature="FeedBack()[pri:3, instance:Project.BanjaraRideTesting@7bab3f1a]" started-at="2024-02-21T02:21:50 IST" name="FeedBack" finished-at="2024-02-21T02:23:00 IST" duration-ms="70282" status="PASS">
          <reporter-output>
          </reporter-output>
        </test-method> <!-- FeedBack -->
        <test-method is-config="true" signature="last()[pri:0, instance:Project.BanjaraRideTesting@7bab3f1a]" started-at="2024-02-21T02:23:00 IST" name="last" finished-at="2024-02-21T02:23:00 IST" duration-ms="104" status="PASS">
          <reporter-output>
          </reporter-output>
        </test-method> <!-- last -->
        <test-method is-config="true" signature="SetUp()[pri:0, instance:Project.BanjaraRideTesting@7bab3f1a]" started-at="2024-02-21T02:23:00 IST" name="SetUp" finished-at="2024-02-21T02:23:44 IST" duration-ms="44012" status="PASS">
          <reporter-output>
          </reporter-output>
        </test-method> <!-- SetUp -->
        <test-method signature="Form()[pri:4, instance:Project.BanjaraRideTesting@7bab3f1a]" started-at="2024-02-21T02:23:44 IST" name="Form" finished-at="2024-02-21T02:26:08 IST" duration-ms="143723" status="PASS">
          <reporter-output>
          </reporter-output>
        </test-method> <!-- Form -->
        <test-method is-config="true" signature="last()[pri:0, instance:Project.BanjaraRideTesting@7bab3f1a]" started-at="2024-02-21T02:26:08 IST" name="last" finished-at="2024-02-21T02:26:08 IST" duration-ms="104" status="PASS">
          <reporter-output>
          </reporter-output>
        </test-method> <!-- last -->
      </class> <!-- Project.BanjaraRideTesting -->
    </test> <!-- Default test -->
  </suite> <!-- Default suite -->
</testng-results>
