<?xml version="1.0" encoding="UTF-8"?>
<!-- Generated by org.testng.reporters.JUnitXMLReporter -->
<testsuite ignored="0" hostname="DESKTOP-L3R15EB" failures="0" tests="4" name="Test" time="344.736" errors="0" timestamp="2024-02-20T22:53:38 IST">
  <testcase classname="Project.SimpleRide" name="@AfterTest last" time="0.003">
    <failure type="java.lang.NullPointerException" message="Cannot invoke &amp;quot;io.appium.java_client.service.local.AppiumDriverLocalService.stop()&amp;quot; because &amp;quot;this.service&amp;quot; is null">
      <![CDATA[java.lang.NullPointerException: Cannot invoke "io.appium.java_client.service.local.AppiumDriverLocalService.stop()" because "this.service" is null
at Project.SimpleRide.last(SimpleRide.java:15)
... Removed 24 stack frames]]>
    </failure>
  </testcase> <!-- @AfterTest last -->
  <testcase classname="Project.BanjaraRideTesting" name="Hire_Bike" time="62.471"/>
  <testcase classname="Project.BanjaraRideTesting" name="activa" time="32.496"/>
  <testcase classname="Project.BanjaraRideTesting" name="FeedBack" time="40.199"/>
  <testcase classname="Project.BanjaraRideTesting" name="Form" time="85.344"/>
</testsuite> <!-- Test -->
