<?xml version="1.0" encoding="UTF-8"?>
<!-- Generated by org.testng.reporters.JUnitXMLReporter -->
<testsuite ignored="0" hostname="DESKTOP-L3R15EB" failures="0" tests="4" name="Default test" time="554.57" errors="0" timestamp="2024-02-21T02:26:08 IST">
  <testcase classname="Project.BanjaraRideTesting" name="Hire_Bike" time="99.833"/>
  <testcase classname="Project.BanjaraRideTesting" name="activa" time="56.685"/>
  <testcase classname="Project.BanjaraRideTesting" name="FeedBack" time="70.282"/>
  <testcase classname="Project.BanjaraRideTesting" name="Form" time="143.723"/>
</testsuite> <!-- Default test -->
